SF:lib\home\flutter.dart
DA:28,2
DA:29,2
DA:35,2
DA:37,2
DA:38,2
DA:39,2
DA:44,2
DA:46,2
DA:48,2
DA:49,2
DA:50,2
DA:51,2
DA:52,2
DA:54,2
DA:60,2
DA:64,2
DA:65,2
DA:66,2
DA:74,2
DA:75,2
DA:76,2
DA:77,2
DA:80,2
DA:81,2
DA:84,2
DA:90,2
DA:91,2
DA:93,2
DA:98,2
DA:99,2
DA:115,2
DA:117,2
DA:118,2
DA:119,2
DA:120,2
DA:121,2
DA:123,2
DA:125,2
DA:128,2
DA:129,2
DA:130,2
DA:131,2
DA:133,2
DA:135,2
DA:138,2
DA:139,2
DA:140,2
DA:141,2
DA:143,2
DA:145,2
DA:148,2
DA:149,2
DA:150,2
DA:151,2
DA:153,2
DA:155,2
DA:158,2
DA:159,2
DA:160,2
DA:161,2
DA:163,2
DA:165,2
DA:168,2
DA:169,2
DA:170,2
DA:171,2
DA:173,2
DA:175,2
DA:185,2
DA:186,2
DA:187,2
DA:188,2
DA:190,2
DA:191,0
DA:192,0
DA:194,2
DA:195,2
LF:77
LH:75
end_of_record
SF:lib\home\flutter.dart
DA:28,0
DA:29,0
DA:35,0
DA:37,0
DA:38,0
DA:39,0
DA:44,0
DA:46,0
DA:48,0
DA:49,0
DA:50,0
DA:51,0
DA:52,0
DA:54,0
DA:60,0
DA:64,0
DA:65,0
DA:66,0
DA:74,0
DA:75,0
DA:76,0
DA:77,0
DA:80,0
DA:81,0
DA:84,0
DA:90,0
DA:91,0
DA:93,0
DA:98,0
DA:99,0
DA:115,0
DA:117,0
DA:118,0
DA:119,0
DA:120,0
DA:121,0
DA:123,0
DA:125,0
DA:128,0
DA:129,0
DA:130,0
DA:131,0
DA:133,0
DA:135,0
DA:138,0
DA:139,0
DA:140,0
DA:141,0
DA:143,0
DA:145,0
DA:148,0
DA:149,0
DA:150,0
DA:151,0
DA:153,0
DA:155,0
DA:158,0
DA:159,0
DA:160,0
DA:161,0
DA:163,0
DA:165,0
DA:168,0
DA:169,0
DA:170,0
DA:171,0
DA:173,0
DA:175,0
DA:185,0
DA:186,0
DA:187,0
DA:188,0
DA:190,0
DA:191,0
DA:192,0
DA:194,0
DA:195,0
LF:77
LH:0
end_of_record
SF:lib\models\followers.dart
DA:6,12
DA:8,5
DA:9,10
DA:10,5
DA:13,3
DA:14,6
DA:15,3
LF:7
LH:7
end_of_record
SF:lib\home\followers.dart
DA:10,4
DA:11,4
DA:16,4
DA:18,4
DA:19,4
DA:20,4
DA:22,4
DA:23,12
DA:24,3
DA:25,6
DA:27,3
DA:28,9
DA:30,4
DA:31,4
DA:41,3
DA:45,3
DA:47,3
DA:49,3
DA:50,3
DA:51,12
DA:53,3
DA:54,6
DA:55,9
DA:57,3
DA:58,9
DA:59,3
DA:60,2
DA:61,6
DA:62,4
DA:63,2
DA:64,2
DA:65,2
LF:32
LH:32
end_of_record
SF:lib\home\home.dart
DA:11,4
DA:12,4
DA:17,4
DA:19,4
DA:20,4
DA:21,4
DA:22,4
DA:23,4
DA:24,4
DA:25,0
DA:26,0
DA:28,4
DA:29,4
DA:31,4
DA:32,4
DA:33,0
DA:34,0
DA:36,4
DA:37,4
DA:41,4
DA:44,4
DA:46,8
DA:54,4
DA:58,4
DA:60,4
DA:61,4
DA:63,4
DA:64,4
DA:65,16
DA:67,4
DA:68,8
DA:69,12
DA:71,4
DA:72,12
DA:73,12
DA:74,2
DA:75,4
DA:76,2
DA:77,6
DA:78,4
DA:79,2
DA:80,4
DA:81,2
DA:82,8
DA:85,2
LF:45
LH:41
end_of_record
SF:lib\main.dart
DA:6,0
DA:7,0
DA:14,0
DA:16,0
DA:18,0
DA:20,0
DA:22,0
DA:29,0
DA:30,0
DA:35,0
DA:37,0
DA:38,0
DA:39,0
DA:43,0
DA:45,0
DA:47,0
DA:48,0
DA:53,0
DA:54,0
DA:55,0
DA:60,0
DA:63,0
DA:70,0
DA:72,0
DA:73,0
DA:74,0
DA:75,0
DA:76,0
DA:78,0
DA:79,0
DA:80,0
DA:81,0
DA:85,0
DA:87,0
DA:92,0
DA:93,0
DA:94,0
DA:95,0
DA:97,0
DA:98,0
DA:99,0
DA:100,0
DA:104,0
DA:106,0
LF:44
LH:0
end_of_record
SF:lib\home\route.dart
DA:8,0
DA:9,0
DA:13,0
DA:14,0
DA:18,0
DA:20,0
DA:21,0
DA:22,0
DA:24,0
DA:26,0
DA:29,0
DA:30,0
DA:31,0
DA:32,0
LF:14
LH:0
end_of_record
